# mesh name: boxMesh_fullCoverage
# primitive scorer name: eDep
-149.5  -7.5  0  10.72627140134083
-143.5  8.5  0  2.795264790039067
-142.5  -75.5  0  5.756271878253783
-142.5  98.5  0  4.425938983022667
-139.5  -28.5  0  26.22975854299672
-139.5  -6.5  0  4.896847981396779
-132.5  -15.5  0  6.241412387037001
-126.5  136.5  0  13.99681526701907
-123.5  78.5  0  0.4478971506269858
-121.5  -92.5  0  10.23073037888613
-121.5  40.5  0  52.56944848377414
-121.5  70.5  0  2.738765772055854
-120.5  -12.5  0  7.573446476582257
-118.5  -73.5  0  33.21198972291739
-118.5  50.5  0  1.780449282566057
-116.5  -97.5  0  127.7726457333203
-116.5  12.5  0  21.54203010145375
-114.5  71.5  0  19.43519940158262
-112.5  102.5  0  4.025379850992737
-111.5  -35.5  0  30.41273593780179
-110.5  -77.5  0  13.50568562270507
-110.5  95.5  0  9.070296479696804
-108.5  -47.5  0  2.067768682163268
-107.5  -101.5  0  9.124353586861227
-107.5  21.5  0  69.45230428273102
-105.5  -25.5  0  243.1778353404476
-105.5  27.5  0  19.54481326667436
-104.5  -110.5  0  170.6346351735691
-103.5  -95.5  0  5.363439045729113
-103.5  -61.5  0  1.910610346360079
-101.5  -87.5  0  6.696013426294909
-101.5  -27.5  0  101.6072385530547
-98.5  -64.5  0  13.96848850849677
-97.5  109.5  0  12.60943258790868
-95.5  -47.5  0  0.4680862195955426
-94.5  -13.5  0  53.80276668935959
-94.5  0.5  0  59.24017569590533
-92.5  -39.5  0  19.53598719472347
-91.5  28.5  0  223.6903975257379
-90.5  28.5  0  18.04018472722868
-85.5  -102.5  0  6.552413634031589
-84.5  17.5  0  83.00934918542141
-82.5  108.5  0  5.662482583975225
-80.5  12.5  0  1.52484432600198
-79.5  44.5  0  16.30286699430429
-78.5  5.5  0  168.8080451239522
-78.5  9.5  0  3.043125378624265
-77.5  17.5  0  2.717527881498261
-76.5  -40.5  0  10.74922403345253
-76.5  12.5  0  1.627572256918792
-74.5  -50.5  0  5.312831340078997
-72.5  -62.5  0  4.771204951947037
-71.5  -34.5  0  1.34129777993143
-71.5  3.5  0  3.939834627167109
-71.5  4.5  0  26.77216511295913
-71.5  14.5  0  19.12764565888232
-71.5  39.5  0  6.14658080409184
-71.5  111.5  0  26.02570918587793
-70.5  -87.5  0  17.85075093129489
-70.5  -16.5  0  15.82158835893037
-70.5  8.5  0  1.523870445483411
-70.5  68.5  0  1.198074628348269
-69.5  -86.5  0  147.9303952720542
-69.5  -46.5  0  269.3758654557264
-68.5  -72.5  0  34.9554424446367
-68.5  -71.5  0  44.96541711604408
-68.5  -11.5  0  3.67660149408712
-68.5  38.5  0  3.226533272756613
-68.5  102.5  0  17.67967056986622
-67.5  -4.5  0  14.60525819514172
-67.5  4.5  0  11.95432111633585
-67.5  29.5  0  2.936670440477969
-67.5  42.5  0  142.86976740465
-67.5  76.5  0  1.196746920548122
-66.5  -43.5  0  0.9268875838176551
-66.5  17.5  0  12.48827832506076
-65.5  -30.5  0  7.365682235676268
-65.5  -25.5  0  20.87224449527911
-64.5  -110.5  0  79.77091286313636
-64.5  -93.5  0  184.3490995847723
-64.5  -37.5  0  10.47466926122855
-63.5  -111.5  0  10.37415987506361
-63.5  15.5  0  14.76418749228959
-61.5  0.5  0  6.480788629191339
-61.5  3.5  0  62.16330862422488
-60.5  -18.5  0  6.564603085685071
-59.5  -16.5  0  36.31477593987317
-59.5  56.5  0  12.94421858686751
-59.5  88.5  0  0.165949190291094
-58.5  -132.5  0  43.51797654416998
-58.5  -131.5  0  7.631251057926211
-58.5  -127.5  0  7.910018931278157
-58.5  -65.5  0  34.01495000506653
-58.5  -33.5  0  40.27990844206672
-58.5  -8.5  0  3.45265086966743
-58.5  26.5  0  4.989804530239894
-58.5  65.5  0  79.88651683826053
-57.5  -85.5  0  34.97096493887636
-57.5  -38.5  0  50.30077508958789
-57.5  -4.5  0  2.790574302909257
-55.5  -144.5  0  43.40049932887019
-54.5  -37.5  0  7.801709376142537
-54.5  -33.5  0  2.70890378172195
-54.5  34.5  0  86.5762129514076
-53.5  -26.5  0  5.184360136221783
-53.5  1.5  0  91.80542626894194
-52.5  -33.5  0  10.22951362917034
-52.5  48.5  0  0.446570195534457
-51.5  2.5  0  20.70786807316941
-51.5  6.5  0  128.5952650575128
-51.5  38.5  0  44.07956636254062
-50.5  -109.5  0  65.6205071509744
-50.5  -14.5  0  83.22613864439379
-50.5  20.5  0  15.74887612380081
-50.5  32.5  0  14.58551399416932
-50.5  92.5  0  9.440705988693038
-49.5  -35.5  0  22.9881908533596
-49.5  -28.5  0  2.616497913690993
-49.5  -23.5  0  27.25534637255511
-49.5  3.5  0  95.16914629436445
-49.5  43.5  0  27.3689038488763
-49.5  58.5  0  39.1978945782563
-48.5  6.5  0  2.027962265120531
-48.5  11.5  0  0.7719276057049225
-47.5  -90.5  0  6.462311644982456
-47.5  -73.5  0  40.67803058924395
-47.5  -34.5  0  2.587963359366272
-47.5  -10.5  0  8.53776996715243
-47.5  -5.5  0  5.457438844736983
-47.5  20.5  0  8.680952132898655
-47.5  61.5  0  26.26002424399615
-46.5  -77.5  0  36.54280348417885
-46.5  -14.5  0  18.14336494754593
-46.5  0.5  0  78.88282931459324
-46.5  94.5  0  1.501182807658936
-45.5  -55.5  0  10.91879784785785
-44.5  31.5  0  25.77311432071703
-43.5  -14.5  0  41.98479142472232
-43.5  9.5  0  3.943684562675854
-43.5  14.5  0  23.86049468996498
-43.5  34.5  0  19.61418012348355
-43.5  79.5  0  32.80115196819139
-42.5  -142.5  0  6.416844449823933
-42.5  2.5  0  106.4277197494096
-42.5  98.5  0  15.89182393325525
-41.5  2.5  0  37.47381449046222
-40.5  -86.5  0  24.81346764998479
-40.5  -11.5  0  14.30733035199953
-40.5  67.5  0  17.81877988271538
-39.5  -4.5  0  106.8729690946256
-39.5  33.5  0  19.71062577286892
-38.5  -69.5  0  33.22758916306562
-38.5  -16.5  0  0.6467614983678149
-38.5  -4.5  0  40.27459747632697
-38.5  5.5  0  13.21755675682958
-38.5  6.5  0  41.8999363881643
-37.5  -21.5  0  13.55729224103873
-37.5  -14.5  0  155.2061280480496
-37.5  4.5  0  2.593372579475478
-37.5  11.5  0  19.66483299221252
-37.5  30.5  0  22.51282673853416
-36.5  -41.5  0  11.35206223611349
-36.5  49.5  0  75.18160983337201
-35.5  -50.5  0  39.44836753815962
-35.5  -24.5  0  1.052934949527851
-34.5  3.5  0  27.97910051370459
-34.5  16.5  0  51.91913787785229
-34.5  22.5  0  22.7391559044619
-32.5  -33.5  0  8.929314977693323
-32.5  -18.5  0  50.74887061193643
-31.5  5.5  0  44.73973657386955
-30.5  -73.5  0  5.271761330677513
-30.5  -10.5  0  52.67247358825035
-30.5  -8.5  0  19.85299027046023
-30.5  0.5  0  46.12242645433685
-30.5  2.5  0  5.937663127187853
-30.5  25.5  0  9.786965615260488
-30.5  36.5  0  62.01872256737406
-29.5  -12.5  0  185.7726766601469
-29.5  2.5  0  68.3267851175469
-29.5  37.5  0  152.6053977744841
-28.5  -43.5  0  6.66892766645208
-28.5  3.5  0  36.59855397086187
-28.5  36.5  0  66.4069859118283
-27.5  -84.5  0  147.7559841016362
-27.5  -10.5  0  80.38429032791036
-27.5  4.5  0  211.4123333079106
-27.5  63.5  0  1.820225547551193
-27.5  65.5  0  55.86912993482083
-27.5  134.5  0  11.23625960479045
-26.5  -74.5  0  21.24802132188622
-26.5  -18.5  0  5.496222850237639
-26.5  -14.5  0  36.54961723618172
-26.5  -7.5  0  81.38278594078487
-25.5  4.5  0  24.75112116600119
-25.5  12.5  0  5.599218986530318
-25.5  18.5  0  46.09884176227252
-25.5  35.5  0  2.005247900990367
-24.5  0.5  0  77.60271339359407
-24.5  6.5  0  134.1368481375657
-23.5  -43.5  0  7.537781757909806
-23.5  -27.5  0  271.1130365366387
-23.5  -17.5  0  74.23479346033237
-23.5  -4.5  0  162.5785852945259
-23.5  11.5  0  58.93612931487898
-23.5  46.5  0  41.06153502399287
-23.5  71.5  0  107.0499915334679
-22.5  -27.5  0  6.048078752898318
-22.5  -26.5  0  6.0627268833492
-22.5  26.5  0  88.07242193815945
-21.5  -63.5  0  64.92092355857498
-21.5  -60.5  0  7.094240326334674
-21.5  -39.5  0  45.92003508083848
-21.5  -21.5  0  11.84206413049013
-21.5  -2.5  0  54.36840560918223
-21.5  2.5  0  39.26294985495029
-21.5  3.5  0  0.9850792049139745
-21.5  11.5  0  7.630181784529954
-21.5  22.5  0  66.14399301041813
-21.5  25.5  0  137.7345187472431
-20.5  -3.5  0  2.830124671502857
-20.5  2.5  0  38.27597911589124
-20.5  7.5  0  106.458339902975
-20.5  10.5  0  1.620111170136912
-19.5  -39.5  0  46.85679841806201
-19.5  -9.5  0  133.4221235902381
-19.5  -8.5  0  1.006237229917595
-19.5  -5.5  0  2.427385376095895
-19.5  0.5  0  27.3750901980982
-19.5  2.5  0  183.6606024963831
-19.5  3.5  0  4.039833558540096
-19.5  10.5  0  3.198278833118073
-19.5  29.5  0  12.95773180411096
-18.5  -30.5  0  71.67407391824476
-18.5  -21.5  0  9.225704334146295
-18.5  -5.5  0  5.928329519409574
-18.5  1.5  0  13.55108909412929
-18.5  11.5  0  7.340468287046376
-18.5  12.5  0  46.78389403600184
-18.5  14.5  0  152.7993592115866
-18.5  26.5  0  52.95299990327199
-18.5  28.5  0  45.01909701270475
-18.5  35.5  0  28.57632568845221
-18.5  43.5  0  8.163227732668837
-17.5  -20.5  0  35.58836912439538
-17.5  -10.5  0  119.102814229795
-17.5  -4.5  0  87.21463701610377
-17.5  13.5  0  73.62191852378778
-17.5  48.5  0  36.54463674556642
-17.5  55.5  0  21.86856908211407
-16.5  -68.5  0  13.85772189814088
-16.5  -35.5  0  30.82356380848677
-16.5  -5.5  0  86.26729124636691
-16.5  -4.5  0  119.2411043235803
-16.5  0.5  0  29.17239473364263
-16.5  13.5  0  90.83784641239492
-16.5  15.5  0  41.5104461179799
-15.5  -109.5  0  28.84780590874541
-15.5  -7.5  0  69.61862737885761
-15.5  23.5  0  40.80385464016983
-14.5  -121.5  0  4.5361884519226
-14.5  -63.5  0  38.19626501844269
-14.5  -39.5  0  31.46866191836348
-14.5  -36.5  0  8.314562895602554
-14.5  -19.5  0  21.8941161348377
-14.5  -15.5  0  51.15500899457574
-14.5  -0.5  0  1.244522649909457
-14.5  1.5  0  9.301822182123804
-14.5  12.5  0  146.17401124287
-14.5  34.5  0  13.71910355548708
-14.5  97.5  0  1.231733139527083
-13.5  -65.5  0  29.15619237153247
-13.5  6.5  0  26.91943413437227
-13.5  7.5  0  112.7687950101241
-13.5  11.5  0  24.17158547202386
-13.5  21.5  0  78.27927961452642
-13.5  52.5  0  57.93865168742608
-12.5  -80.5  0  14.88190164815265
-12.5  -27.5  0  93.23216546659235
-12.5  2.5  0  28.75720208536163
-12.5  4.5  0  69.55419462565479
-12.5  6.5  0  113.2036807437359
-12.5  14.5  0  53.19742751508442
-12.5  56.5  0  20.83499308373076
-11.5  -92.5  0  30.56635787413431
-11.5  -73.5  0  52.85725551289566
-11.5  -17.5  0  9.570623038882454
-11.5  -10.5  0  27.07206860795353
-11.5  -8.5  0  93.05897700655937
-11.5  -6.5  0  48.43530424092674
-11.5  4.5  0  1.661513804520889
-11.5  6.5  0  128.6121110697466
-11.5  18.5  0  90.45670274303177
-11.5  19.5  0  77.48807460051516
-10.5  -92.5  0  255.2735117339529
-10.5  -56.5  0  16.29637556906378
-10.5  -41.5  0  90.40666128420922
-10.5  -27.5  0  12.38395282439932
-10.5  -4.5  0  121.9425765943272
-10.5  1.5  0  106.5985493816381
-10.5  2.5  0  122.2707426530832
-10.5  3.5  0  146.3534117112349
-10.5  9.5  0  49.19648613021954
-10.5  18.5  0  56.12152053026951
-10.5  22.5  0  41.88204863940275
-10.5  24.5  0  129.824536535087
-10.5  35.5  0  12.07390937677583
-10.5  44.5  0  106.7325128430934
-10.5  69.5  0  23.93698748032648
-10.5  95.5  0  14.83787107411399
-10.5  116.5  0  6.126370985627877
-9.5  -76.5  0  110.4585022079709
-9.5  -75.5  0  29.59013220916507
-9.5  -66.5  0  9.051314524191334
-9.5  -15.5  0  32.34767612478962
-9.5  -4.5  0  90.49070879749274
-9.5  -3.5  0  122.4900677943851
-9.5  11.5  0  30.89449095229496
-9.5  12.5  0  288.969753202767
-9.5  23.5  0  59.72813967740846
-9.5  24.5  0  27.27955942288872
-9.5  83.5  0  2.480096325850112
-9.5  143.5  0  1.91896120352078
-8.5  -135.5  0  5.712635248409412
-8.5  -24.5  0  60.44853768656713
-8.5  -18.5  0  234.7057212410721
-8.5  -7.5  0  31.68532711279218
-8.5  -3.5  0  62.15714317613031
-8.5  -1.5  0  112.6538957649242
-8.5  0.5  0  80.84097512316602
-8.5  8.5  0  63.2528848512823
-8.5  23.5  0  112.7392171577271
-8.5  103.5  0  35.47332116221513
-7.5  -89.5  0  36.32712534204991
-7.5  -53.5  0  66.78445012344864
-7.5  -11.5  0  72.43676851919216
-7.5  -10.5  0  6.447123716346901
-7.5  -9.5  0  67.6776569581467
-7.5  -8.5  0  6.567692070451214
-7.5  -6.5  0  214.1205733055244
-7.5  -5.5  0  35.348444943149
-7.5  -0.5  0  157.4454462542408
-7.5  0.5  0  292.753302926378
-7.5  3.5  0  8.521633335504937
-7.5  6.5  0  25.40707431895242
-7.5  8.5  0  148.7643266953991
-7.5  40.5  0  19.91599707679343
-7.5  52.5  0  64.33442598628511
-7.5  77.5  0  55.88649669435681
-6.5  -112.5  0  141.773089271095
-6.5  -24.5  0  1.724747640780372
-6.5  -3.5  0  96.38908036737982
-6.5  -1.5  0  75.96665026266064
-6.5  -0.5  0  100.398135635386
-6.5  0.5  0  355.1281440186513
-6.5  1.5  0  275.4786102974938
-6.5  3.5  0  148.844549479435
-6.5  7.5  0  65.43295804105
-6.5  8.5  0  14.32011528529951
-6.5  9.5  0  38.4982825410171
-6.5  10.5  0  9.322633353134934
-6.5  12.5  0  0.03065279769763618
-6.5  22.5  0  45.9209620444751
-6.5  25.5  0  3.631155328951724
-6.5  29.5  0  152.9475619625253
-5.5  -55.5  0  125.5464499706413
-5.5  -41.5  0  0.8627506756246628
-5.5  -14.5  0  13.07144250402847
-5.5  -9.5  0  26.00712710677813
-5.5  -6.5  0  30.79565018172009
-5.5  -4.5  0  42.96735413264464
-5.5  -2.5  0  91.48593307571491
-5.5  -1.5  0  10.5354209607063
-5.5  0.5  0  32.46937856822694
-5.5  1.5  0  42.34053711999015
-5.5  2.5  0  79.04052080394716
-5.5  3.5  0  146.128839725726
-5.5  5.5  0  35.0675804555266
-5.5  12.5  0  65.04142891774299
-5.5  13.5  0  13.21606502156898
-5.5  14.5  0  56.49044562706035
-5.5  19.5  0  95.84818053954459
-5.5  32.5  0  72.31807893810554
-4.5  -136.5  0  3.538284498315565
-4.5  -31.5  0  10.52396743442269
-4.5  -30.5  0  27.48306330465999
-4.5  -12.5  0  125.6825135465369
-4.5  -10.5  0  154.3017711749125
-4.5  -9.5  0  157.8384182664603
-4.5  -7.5  0  7.290084881250061
-4.5  -6.5  0  78.69007204067651
-4.5  -5.5  0  19.63214497760979
-4.5  -4.5  0  18.32704850725781
-4.5  -3.5  0  63.09225010900424
-4.5  -2.5  0  157.3901107376851
-4.5  -0.5  0  99.55926761543637
-4.5  0.5  0  28.89385795256004
-4.5  1.5  0  28.69480384053989
-4.5  2.5  0  11.31112981625559
-4.5  3.5  0  98.60982163866048
-4.5  4.5  0  58.46101209597448
-4.5  6.5  0  29.85613590089431
-4.5  8.5  0  72.73123331639799
-4.5  15.5  0  165.6502185321361
-4.5  19.5  0  80.03298689306945
-4.5  32.5  0  369.7878261425275
-4.5  33.5  0  21.96310726818068
-4.5  37.5  0  1.158065183979984
-3.5  -20.5  0  16.48380404933852
-3.5  -18.5  0  66.14738169497063
-3.5  -16.5  0  62.5171171186466
-3.5  -7.5  0  24.49815228715877
-3.5  -6.5  0  109.3569573861796
-3.5  -5.5  0  22.08997751290917
-3.5  -4.5  0  126.458484544903
-3.5  -2.5  0  20.23462940840507
-3.5  -1.5  0  174.1953219897511
-3.5  -0.5  0  119.0388879533309
-3.5  0.5  0  98.12529640139957
-3.5  1.5  0  54.2708118283138
-3.5  2.5  0  75.25024284977859
-3.5  3.5  0  130.3933249052667
-3.5  4.5  0  55.86848955722093
-3.5  7.5  0  0.3889271516204218
-3.5  9.5  0  12.82828948201156
-3.5  23.5  0  17.53808405956886
-3.5  28.5  0  208.442189206587
-3.5  31.5  0  10.92503110755882
-3.5  32.5  0  2.315689167274572
-2.5  -111.5  0  6.096198651893203
-2.5  -60.5  0  111.6804199277702
-2.5  -21.5  0  82.54154451336443
-2.5  -13.5  0  45.88090693721351
-2.5  -11.5  0  16.67732367282776
-2.5  -5.5  0  31.39653713220857
-2.5  -4.5  0  170.345080172834
-2.5  -3.5  0  155.5145112885212
-2.5  -2.5  0  7.189462228205226
-2.5  -1.5  0  305.1713915802573
-2.5  -0.5  0  563.4287485657757
-2.5  0.5  0  342.980364883456
-2.5  1.5  0  47.89817644353325
-2.5  2.5  0  167.6938021033487
-2.5  4.5  0  91.7313952700176
-2.5  5.5  0  6.271286403202791
-2.5  6.5  0  51.62521577544063
-2.5  9.5  0  79.05510696038917
-2.5  13.5  0  5.514991018537709
-2.5  14.5  0  0.3983964250539719
-2.5  51.5  0  71.13835473548625
-1.5  -71.5  0  5.718390724149646
-1.5  -40.5  0  30.01499077014389
-1.5  -32.5  0  3.543791515401296
-1.5  -23.5  0  18.9088179011611
-1.5  -8.5  0  62.00173332440966
-1.5  -6.5  0  37.49996691284868
-1.5  -5.5  0  123.03246967517
-1.5  -4.5  0  324.3623973761713
-1.5  -3.5  0  715.7116214529952
-1.5  -2.5  0  312.1539659847247
-1.5  -1.5  0  193.6541803030561
-1.5  -0.5  0  421.7925962790655
-1.5  0.5  0  824.5840613246282
-1.5  1.5  0  748.8294189993676
-1.5  2.5  0  528.0352592326698
-1.5  3.5  0  158.9214487495712
-1.5  4.5  0  162.879891818204
-1.5  12.5  0  18.99082047577751
-0.5  -92.5  0  116.3469676674846
-0.5  -40.5  0  104.8370230341207
-0.5  -24.5  0  148.7870838408751
-0.5  -23.5  0  137.6670254214791
-0.5  -20.5  0  3.762993070220849
-0.5  -19.5  0  46.54028551595804
-0.5  -13.5  0  136.502939964856
-0.5  -11.5  0  11.9602662806664
-0.5  -10.5  0  3.705582145201436
-0.5  -8.5  0  277.0530073684822
-0.5  -7.5  0  11.66770790142974
-0.5  -6.5  0  127.0199353474746
-0.5  -5.5  0  5.354536051292713
-0.5  -4.5  0  62.55436272424025
-0.5  -3.5  0  116.5543259134686
-0.5  -2.5  0  372.2641181480504
-0.5  -1.5  0  270.8809364643637
-0.5  -0.5  0  99165.58218141065
-0.5  0.5  0  91360.68348778627
-0.5  1.5  0  274.9443541517434
-0.5  2.5  0  277.5338992935238
-0.5  3.5  0  67.05897223620228
-0.5  4.5  0  134.8308853794258
-0.5  14.5  0  30.4508516941267
-0.5  33.5  0  21.10918816818046
-0.5  35.5  0  108.3811603875205
0.5  -11.5  0  199.1523544871365
0.5  -10.5  0  96.78186985718835
0.5  -9.5  0  80.6742198931735
0.5  -8.5  0  71.71407755652309
0.5  -6.5  0  9.837721587388879
0.5  -5.5  0  80.37230658835487
0.5  -3.5  0  93.59299054265473
0.5  -2.5  0  369.0258095956759
0.5  -1.5  0  630.8082065324107
0.5  -0.5  0  90076.16157160106
0.5  0.5  0  97959.01672710676
0.5  1.5  0  677.533493860401
0.5  2.5  0  148.8150091799898
0.5  3.5  0  40.24609810351089
0.5  4.5  0  277.7750855484637
0.5  6.5  0  116.4462137343428
0.5  7.5  0  87.11142469541751
0.5  10.5  0  5.195482725534939
0.5  29.5  0  2.992990833551582
0.5  58.5  0  2.610855578417837
1.5  -30.5  0  83.28458633343487
1.5  -8.5  0  26.04964394658373
1.5  -5.5  0  131.1021954890523
1.5  -4.5  0  348.074740499939
1.5  -3.5  0  157.1111465500802
1.5  -2.5  0  62.09905915813025
1.5  -1.5  0  187.8251248783682
1.5  -0.5  0  411.9870024609323
1.5  0.5  0  931.9536888506151
1.5  1.5  0  185.6298228819422
1.5  2.5  0  51.58348817392354
1.5  3.5  0  226.8347237506975
1.5  4.5  0  143.4886034945622
1.5  6.5  0  133.1982608287548
1.5  7.5  0  47.9016634819791
1.5  9.5  0  78.76148439973539
1.5  11.5  0  75.65522160055849
1.5  12.5  0  89.18134176059473
1.5  30.5  0  6.208828748772557
1.5  37.5  0  77.29535206014192
1.5  48.5  0  165.2364137858954
2.5  -104.5  0  64.05707161818648
2.5  -31.5  0  103.302302536978
2.5  -16.5  0  24.58564834042741
2.5  -12.5  0  59.95517945765165
2.5  -11.5  0  38.84412986357288
2.5  -7.5  0  73.28327811206516
2.5  -6.5  0  102.925641893197
2.5  -3.5  0  162.0588395935273
2.5  -2.5  0  451.3687589836244
2.5  -1.5  0  85.64999507439599
2.5  -0.5  0  149.6744176277878
2.5  0.5  0  270.9280571117032
2.5  1.5  0  33.96917948676904
2.5  2.5  0  30.7536966081249
2.5  3.5  0  37.34980073921452
2.5  4.5  0  60.58236703073339
2.5  5.5  0  100.3099861785542
2.5  9.5  0  31.98633288610102
2.5  10.5  0  4.085953905565237
2.5  24.5  0  47.98664938918341
2.5  45.5  0  20.84288692902307
3.5  -46.5  0  49.13201620569287
3.5  -16.5  0  8.352757132524715
3.5  -14.5  0  2.991212810094943
3.5  -13.5  0  330.2122894716395
3.5  -9.5  0  49.83973263072328
3.5  -3.5  0  12.05925757208227
3.5  -2.5  0  149.1842186750804
3.5  -1.5  0  145.7504023373757
3.5  -0.5  0  123.0619492639875
3.5  0.5  0  275.2586005398134
3.5  1.5  0  147.2603413133024
3.5  2.5  0  95.89655520857835
3.5  3.5  0  128.0847803384335
3.5  4.5  0  105.7153447123213
3.5  5.5  0  53.999420502338
3.5  7.5  0  19.99850863650798
3.5  9.5  0  61.41511378653993
3.5  11.5  0  41.67394107951725
3.5  13.5  0  1.187719465934933
3.5  16.5  0  94.22022023452797
3.5  17.5  0  93.57104773916491
3.5  23.5  0  279.8994689633918
4.5  -36.5  0  0.5057749522387675
4.5  -28.5  0  85.37015514545058
4.5  -18.5  0  18.55296278881479
4.5  -13.5  0  85.42961615910866
4.5  -9.5  0  59.46774197920059
4.5  -7.5  0  26.9232350389299
4.5  -5.5  0  288.1912054743797
4.5  -4.5  0  13.79477675230242
4.5  -1.5  0  120.1351696070413
4.5  -0.5  0  40.33561352424741
4.5  0.5  0  70.43821299359965
4.5  1.5  0  141.0999457451469
4.5  2.5  0  79.95147094252172
4.5  3.5  0  44.34958969568736
4.5  5.5  0  27.21641080838482
4.5  6.5  0  53.21727214933821
4.5  7.5  0  7.282553346278974
4.5  17.5  0  16.44261533121128
4.5  18.5  0  81.42182751214311
4.5  21.5  0  22.06013834115436
4.5  25.5  0  97.67655766017991
4.5  33.5  0  10.78090043964137
4.5  58.5  0  129.7417219447819
5.5  -130.5  0  10.52806282074789
5.5  -104.5  0  24.49310461275654
5.5  -34.5  0  29.56512623390765
5.5  -33.5  0  60.03711259644029
5.5  -21.5  0  41.66926284059549
5.5  -18.5  0  125.4782604819922
5.5  -17.5  0  42.49340237776578
5.5  -4.5  0  172.2489010464774
5.5  -2.5  0  200.753543572565
5.5  -1.5  0  255.116116229273
5.5  -0.5  0  104.2419504959209
5.5  0.5  0  12.32372379639411
5.5  1.5  0  155.7613109579016
5.5  2.5  0  8.599483249080528
5.5  3.5  0  153.7981366961026
5.5  4.5  0  37.10505795408272
5.5  9.5  0  44.59171611712159
5.5  10.5  0  49.34560487516892
5.5  20.5  0  77.46092186772735
5.5  23.5  0  122.4561754841371
5.5  28.5  0  0.04281293237849704
5.5  52.5  0  11.91563216682655
5.5  53.5  0  132.8111417483931
6.5  -130.5  0  54.02928457769852
6.5  -106.5  0  105.4004984568778
6.5  -14.5  0  12.34363306751137
6.5  -13.5  0  94.11529712368799
6.5  -11.5  0  5.36404625926643
6.5  -3.5  0  65.83393544319343
6.5  -2.5  0  58.52666848091003
6.5  -1.5  0  9.828644700255531
6.5  -0.5  0  67.72529965774184
6.5  0.5  0  37.01179913374681
6.5  1.5  0  147.4570466013454
6.5  2.5  0  82.74368231038453
6.5  3.5  0  45.16648616785453
6.5  4.5  0  66.21750344526245
6.5  5.5  0  46.11612586523358
6.5  6.5  0  120.4608951785612
6.5  9.5  0  36.16311617339791
6.5  10.5  0  2.341532783931514
6.5  19.5  0  23.88655754064099
6.5  47.5  0  1.199158142118829
6.5  53.5  0  8.559506220946464
6.5  80.5  0  48.60091868900422
7.5  -80.5  0  0.2207932442254493
7.5  -4.5  0  4.583475790012534
7.5  -3.5  0  17.45678011310592
7.5  -2.5  0  48.2347242272419
7.5  0.5  0  61.58440706465058
7.5  1.5  0  92.25213706400991
7.5  3.5  0  29.01319908989537
7.5  4.5  0  76.98667040222169
7.5  7.5  0  143.4553886711047
7.5  11.5  0  86.18717240295157
7.5  19.5  0  20.22298410287549
7.5  22.5  0  5.957840561687457
7.5  28.5  0  11.32620794328909
7.5  33.5  0  165.3031754809606
7.5  53.5  0  59.66352392032841
7.5  69.5  0  74.52030408518741
8.5  -142.5  0  15.47559959908845
8.5  -26.5  0  3.829812915462666
8.5  -25.5  0  134.0129019820739
8.5  -22.5  0  5.885336629079474
8.5  -8.5  0  129.1289827602151
8.5  -7.5  0  23.22380078026051
8.5  -5.5  0  86.31097137806202
8.5  -4.5  0  38.76140352041135
8.5  -1.5  0  48.29970773616892
8.5  -0.5  0  86.98322037385111
8.5  1.5  0  93.34869099674458
8.5  2.5  0  5.95146647536926
8.5  3.5  0  87.74092029607385
8.5  5.5  0  193.5618994790364
8.5  26.5  0  4.422252480279664
9.5  -6.5  0  46.3822320598016
9.5  -3.5  0  25.93056467164317
9.5  1.5  0  129.11068903102
9.5  2.5  0  22.12228519299692
9.5  4.5  0  31.4159712438877
9.5  5.5  0  25.94042350274313
9.5  13.5  0  39.58061516329581
9.5  22.5  0  0.8525327222923679
9.5  37.5  0  10.34075854303312
10.5  -112.5  0  1.811100440425581
10.5  -46.5  0  41.66474614904175
10.5  -15.5  0  71.82884969643874
10.5  -14.5  0  23.20753077403419
10.5  -7.5  0  24.17738923111623
10.5  2.5  0  7.004711611993286
10.5  5.5  0  24.20182825924691
10.5  9.5  0  0.7330853697887219
10.5  11.5  0  73.22389122928145
10.5  12.5  0  161.4336485245556
10.5  13.5  0  71.20081435516181
10.5  15.5  0  12.84922736126892
10.5  36.5  0  165.2138422717133
10.5  47.5  0  232.2540590457857
10.5  54.5  0  114.0376080032896
11.5  -26.5  0  20.47713202217139
11.5  -24.5  0  91.96728226379814
11.5  -23.5  0  22.38389719158159
11.5  -11.5  0  13.90788761614979
11.5  -10.5  0  57.56922171584054
11.5  -2.5  0  203.1308444489284
11.5  -0.5  0  70.15035608177914
11.5  1.5  0  76.32748783057228
11.5  2.5  0  84.43106068624857
11.5  3.5  0  26.49576032671464
11.5  6.5  0  90.8932878743878
11.5  9.5  0  2.085301194071687
11.5  12.5  0  16.69795375061737
11.5  13.5  0  20.28821810037703
11.5  51.5  0  50.90534384114544
11.5  72.5  0  1.05617338918948
11.5  109.5  0  47.44638315850717
12.5  -45.5  0  52.31445136508912
12.5  -24.5  0  123.6132316640653
12.5  -11.5  0  34.28407805099791
12.5  -2.5  0  105.9882773134894
12.5  -0.5  0  6.988782438798434
12.5  0.5  0  115.4505453821623
12.5  4.5  0  3.529056951835516
12.5  19.5  0  115.8307063145665
12.5  21.5  0  7.687691751521938
12.5  31.5  0  23.54183039325858
12.5  57.5  0  148.4387864321981
12.5  94.5  0  2.353233224544962
13.5  -61.5  0  74.18670243683886
13.5  -0.5  0  106.2099919664398
13.5  0.5  0  111.7439243190033
13.5  1.5  0  16.56377078356315
13.5  5.5  0  92.96465933671016
13.5  7.5  0  31.69640086726569
13.5  8.5  0  41.59222841992455
13.5  11.5  0  42.31760443580514
13.5  27.5  0  9.242865603199284
13.5  63.5  0  52.50021869822486
13.5  64.5  0  26.70536253489966
14.5  -57.5  0  12.3900775638623
14.5  -28.5  0  14.59203028721226
14.5  -15.5  0  70.70612353684433
14.5  -13.5  0  24.02126772254459
14.5  -10.5  0  2.576102009760953
14.5  21.5  0  109.5939016590927
14.5  30.5  0  1.181599880471798
14.5  48.5  0  4.943255893600368
15.5  -51.5  0  9.886165171676412
15.5  -13.5  0  155.5617028061834
15.5  -3.5  0  36.10353514512843
15.5  2.5  0  62.8842701354714
15.5  7.5  0  35.19130489446992
15.5  15.5  0  118.1854585240263
15.5  39.5  0  49.12487261998238
16.5  -72.5  0  50.3924305364944
16.5  -40.5  0  16.26435355607285
16.5  -36.5  0  31.09168987994773
16.5  -28.5  0  7.303026386385691
16.5  -22.5  0  126.1335267389355
16.5  -13.5  0  41.66750470074154
16.5  -9.5  0  42.31729300862192
16.5  -0.5  0  24.58449580312325
16.5  0.5  0  125.7117528294234
16.5  4.5  0  25.60588393412423
17.5  -61.5  0  23.35271501046698
17.5  -60.5  0  64.09899755015697
17.5  -3.5  0  105.2824269990024
18.5  -21.5  0  150.2009653705951
18.5  2.5  0  4.79924141194745
18.5  8.5  0  17.46722236861864
18.5  14.5  0  5.222669018783043
18.5  16.5  0  16.69694570625538
18.5  23.5  0  25.625879788076
18.5  40.5  0  48.67173700855407
18.5  48.5  0  3.45584632070367
18.5  87.5  0  10.13514853883096
19.5  -22.5  0  2.630319043662344
19.5  2.5  0  245.7668183775264
19.5  29.5  0  26.13175098912106
20.5  -88.5  0  4.788068802016529
20.5  -31.5  0  60.82084398857404
20.5  -3.5  0  95.19090268171563
20.5  -2.5  0  8.711590431243106
20.5  5.5  0  13.3233309896037
20.5  34.5  0  38.06074673647447
20.5  37.5  0  52.50553922458276
21.5  -80.5  0  24.24900875579597
21.5  -71.5  0  36.59359888251979
21.5  -31.5  0  27.78463045189447
21.5  -12.5  0  74.52730024130541
21.5  5.5  0  3.144041828535421
21.5  9.5  0  28.4204859889388
21.5  11.5  0  155.626182894906
21.5  12.5  0  44.3866289491468
21.5  20.5  0  32.9775144912515
21.5  21.5  0  16.14502649445926
21.5  27.5  0  51.27464790972212
21.5  38.5  0  107.499868898066
21.5  54.5  0  101.2085515448959
22.5  -39.5  0  15.8164789235648
22.5  -13.5  0  20.80959457389017
22.5  1.5  0  66.22477630788494
22.5  7.5  0  1.672625818256565
22.5  8.5  0  67.05625158887243
22.5  52.5  0  86.02834463898861
22.5  71.5  0  10.30170175402007
23.5  -39.5  0  31.66733224722912
23.5  -18.5  0  105.5062886130494
23.5  -4.5  0  117.616663062833
23.5  7.5  0  10.07966200529438
23.5  28.5  0  58.70395550826965
23.5  29.5  0  127.3643416447186
23.5  66.5  0  0.4789253134015181
23.5  72.5  0  24.91110401233144
23.5  73.5  0  65.45317988854751
24.5  -59.5  0  0.63224645790394
24.5  -5.5  0  140.9763014934222
24.5  2.5  0  0.639585770921422
24.5  29.5  0  100.3955750311649
24.5  59.5  0  181.9594185207063
24.5  79.5  0  3.038914875445886
25.5  -80.5  0  5.195471749695056
25.5  -5.5  0  60.91330425145645
25.5  2.5  0  8.110023632142749
25.5  4.5  0  94.69842660220448
25.5  17.5  0  21.03798472525936
25.5  57.5  0  70.62025991305839
25.5  66.5  0  20.84375970202419
25.5  89.5  0  3.808633003113154
26.5  -81.5  0  70.40718349608369
26.5  -14.5  0  13.76327960072307
26.5  -9.5  0  27.87572066168713
26.5  -6.5  0  0.8591065149561872
26.5  3.5  0  68.35060581897545
26.5  4.5  0  33.7814444170856
26.5  44.5  0  40.05293464424349
27.5  -127.5  0  3.349588337050575
27.5  -56.5  0  21.04903582142243
27.5  -36.5  0  5.409667432821536
27.5  -23.5  0  26.2990387367247
27.5  -14.5  0  40.87415528374067
27.5  -12.5  0  4.064663375814181
27.5  -9.5  0  97.57776017776757
27.5  -3.5  0  3.558223108509541
27.5  22.5  0  2.289944743517264
27.5  30.5  0  78.53814783512293
27.5  35.5  0  68.63937268421373
28.5  -21.5  0  0.3455615321736397
28.5  17.5  0  11.5225837981542
28.5  24.5  0  34.69340900060502
28.5  75.5  0  142.3530237090171
28.5  81.5  0  0.8577833324302976
28.5  82.5  0  23.24048233650402
29.5  4.5  0  103.3755132221492
29.5  40.5  0  9.252595317004591
29.5  79.5  0  6.866489575584958
29.5  94.5  0  21.67041251712135
29.5  95.5  0  5.355980824547399
30.5  -44.5  0  92.85727919038247
30.5  -29.5  0  13.61604828403939
30.5  -28.5  0  45.95411823389274
30.5  -8.5  0  7.341804102316343
31.5  -77.5  0  1.927186368014817
31.5  -28.5  0  28.0846419817331
32.5  18.5  0  9.464871497073201
32.5  21.5  0  7.457368919049252
32.5  55.5  0  9.914387943001804
33.5  -36.5  0  89.70412841004786
33.5  14.5  0  13.63975443860618
33.5  33.5  0  105.1299334599948
33.5  56.5  0  63.42497954764031
34.5  -63.5  0  14.36294621467533
34.5  26.5  0  5.199844987461955
35.5  53.5  0  46.29841969948367
36.5  -57.5  0  15.62780280100666
37.5  -71.5  0  15.33579321250464
37.5  -66.5  0  69.61702709278406
37.5  -22.5  0  14.48801247321398
37.5  37.5  0  68.33315424478862
37.5  114.5  0  31.15347015411517
38.5  0.5  0  79.69877686751394
38.5  80.5  0  43.22620671530897
39.5  -31.5  0  5.231842223165972
39.5  -22.5  0  5.006159057985377
39.5  -15.5  0  20.18539672669974
39.5  83.5  0  47.89373937880047
39.5  96.5  0  36.72703974777306
41.5  -0.5  0  18.67288851727795
41.5  4.5  0  3.104127300112711
44.5  -92.5  0  23.32470718444959
44.5  -48.5  0  20.24403948081687
44.5  -38.5  0  74.40916550589091
44.5  -5.5  0  24.15243580273796
44.5  2.5  0  28.27658051450562
44.5  100.5  0  96.25313246133665
45.5  -127.5  0  15.98351144590586
45.5  -125.5  0  5.656903060313419
45.5  -54.5  0  24.14588623176851
45.5  -16.5  0  92.65805618565719
46.5  37.5  0  61.34681100512523
47.5  -30.5  0  0.3574430517333943
47.5  -11.5  0  97.15830976387235
47.5  16.5  0  40.74099416725804
47.5  30.5  0  6.00325238982004
47.5  75.5  0  18.5352407858183
48.5  -83.5  0  154.3096672150788
48.5  -11.5  0  10.2075903956385
48.5  -0.5  0  99.29069802616692
48.5  12.5  0  59.56718571437665
49.5  -49.5  0  31.46706917414559
49.5  15.5  0  71.7554406398926
50.5  -109.5  0  3.432963933769261
50.5  -49.5  0  114.6957103817618
50.5  -30.5  0  3.712149618103872
50.5  2.5  0  18.92812567097131
50.5  42.5  0  9.894934686944216
50.5  141.5  0  14.80706491074154
51.5  2.5  0  77.42621879042778
51.5  26.5  0  12.71831569098198
52.5  9.5  0  72.2174233187052
52.5  108.5  0  0.4777372640829419
53.5  -32.5  0  11.74858948655522
53.5  9.5  0  3.981136101905314
53.5  10.5  0  53.8461472932974
53.5  30.5  0  3.645355753653469
53.5  100.5  0  0.2759698173522146
54.5  6.5  0  30.21169485689867
55.5  -101.5  0  32.67145979818193
55.5  27.5  0  19.55694544476227
55.5  132.5  0  35.34178496270668
56.5  -53.5  0  5.589321712547786
56.5  -15.5  0  89.82836394558457
58.5  -42.5  0  20.21330534644737
59.5  -131.5  0  18.65483070543132
59.5  -35.5  0  0.6502328471579256
59.5  16.5  0  8.48258447305364
60.5  -29.5  0  21.44741874427135
62.5  39.5  0  11.57108748160107
62.5  97.5  0  34.91395827454919
64.5  -1.5  0  52.50789808634627
64.5  90.5  0  2.387783057264711
65.5  61.5  0  45.23982830885671
66.5  27.5  0  158.3220074412018
67.5  5.5  0  14.65332405958014
67.5  44.5  0  109.1458796585025
67.5  56.5  0  167.9367057485362
68.5  5.5  0  6.163453753556494
68.5  20.5  0  14.12264967249377
68.5  68.5  0  2.381092857293876
69.5  48.5  0  53.95232612813104
71.5  -47.5  0  26.74999561569205
71.5  -17.5  0  109.7635249012733
71.5  -16.5  0  21.67101397229093
71.5  -11.5  0  135.7913750232441
71.5  49.5  0  39.29633796894413
71.5  51.5  0  101.6425382361602
72.5  19.5  0  78.33737603956411
72.5  76.5  0  2.893025131835279
73.5  -16.5  0  36.74111056381174
73.5  9.5  0  2.02664032280078
74.5  14.5  0  21.53334320706894
76.5  -110.5  0  3.340652936895284
77.5  -19.5  0  6.315067463783339
77.5  38.5  0  2.221236312269038
79.5  -0.5  0  61.45907675906825
80.5  -95.5  0  5.823319027048766
80.5  11.5  0  4.384382143663359
80.5  45.5  0  20.98378198580189
82.5  -135.5  0  4.214947494129039
83.5  -51.5  0  19.92879790548841
83.5  74.5  0  80.48686399436772
84.5  -65.5  0  123.2536723847216
85.5  -15.5  0  7.449682278381698
87.5  -26.5  0  85.04906984011983
89.5  -54.5  0  24.1226318370014
90.5  -109.5  0  23.6427155863209
90.5  -70.5  0  16.62098999929266
90.5  -14.5  0  4.202992388914861
91.5  29.5  0  12.68893700604462
93.5  -53.5  0  22.53873087234662
94.5  -52.5  0  29.62483520607378
95.5  51.5  0  83.65336484914185
97.5  -12.5  0  114.2477305537891
99.5  67.5  0  129.4540994891573
100.5  -63.5  0  8.14029705521245
101.5  -8.5  0  36.31036051607034
102.5  44.5  0  1.199253907383055
103.5  -2.5  0  4.574788191335069
103.5  24.5  0  8.357024761463279
104.5  24.5  0  130.5907835427837
105.5  -133.5  0  74.15535046417121
105.5  87.5  0  4.524163970086842
106.5  -7.5  0  111.1060817332554
107.5  -7.5  0  188.0804628514028
107.5  64.5  0  47.6900477126279
110.5  34.5  0  3.344224141457436
110.5  35.5  0  78.15758027676615
111.5  -61.5  0  1.322671627426147
113.5  87.5  0  8.266963300618627
114.5  -87.5  0  1.111134496910707
114.5  -7.5  0  30.41268695857573
114.5  67.5  0  31.82670770048203
115.5  56.5  0  9.061953147892041
123.5  139.5  0  21.69357738121252
128.5  53.5  0  194.1547350374233
129.5  -52.5  0  5.001538391897348
129.5  0.5  0  39.5177664805723
134.5  -108.5  0  25.13637452350985
135.5  4.5  0  23.32978861860013
142.5  -146.5  0  111.8066875166272
143.5  -76.5  0  10.02857357252739
144.5  -112.5  0  13.40901312447719
145.5  13.5  0  31.51985795567186
146.5  -34.5  0  68.64804202543498
147.5  -41.5  0  145.5873941443656
148.5  62.5  0  40.79603644030767
